<?xml version="1.0" encoding="UTF-8"?>
<testng-results skipped="0" failed="0" ignored="0" total="1" passed="1">
  <reporter-output>
  </reporter-output>
  <suite name="Default suite" duration-ms="31286" started-at="2019-07-08T11:36:14Z" finished-at="2019-07-08T11:36:46Z">
    <groups>
    </groups>
    <test name="Default test" duration-ms="31286" started-at="2019-07-08T11:36:14Z" finished-at="2019-07-08T11:36:46Z">
      <class name="com.sele.testng.Team3_casestudy">
        <test-method status="PASS" signature="Sample()[pri:0, instance:com.sele.testng.Team3_casestudy@3e6fa38a]" name="Sample" duration-ms="31230" started-at="2019-07-08T11:36:14Z" finished-at="2019-07-08T11:36:46Z">
          <reporter-output>
          </reporter-output>
        </test-method> <!-- Sample -->
      </class> <!-- com.sele.testng.Team3_casestudy -->
    </test> <!-- Default test -->
  </suite> <!-- Default suite -->
</testng-results>
